0 verbose cli C:\Program Files\nodejs\node.exe C:\Users\pranjal\AppData\Roaming\npm\node_modules\npm\bin\npm-cli.js
1 info using npm@10.2.2
2 info using node@v20.9.0
3 timing npm:load:whichnode Completed in 5ms
4 timing config:load:defaults Completed in 7ms
5 timing config:load:file:C:\Users\pranjal\AppData\Roaming\npm\node_modules\npm\npmrc Completed in 13ms
6 timing config:load:builtin Completed in 14ms
7 timing config:load:cli Completed in 6ms
8 timing config:load:env Completed in 2ms
9 timing config:load:file:D:\Social Media App(campus-connect)\Study Important docs\NeeuroNexus\Job-Portal-pranjal\.npmrc Completed in 1ms
10 timing config:load:project Completed in 5ms
11 timing config:load:file:C:\Users\pranjal\.npmrc Completed in 2ms
12 timing config:load:user Completed in 3ms
13 timing config:load:file:C:\Users\pranjal\AppData\Roaming\npm\etc\npmrc Completed in 1ms
14 timing config:load:global Completed in 1ms
15 timing config:load:setEnvs Completed in 3ms
16 timing config:load Completed in 43ms
17 timing npm:load:configload Completed in 43ms
18 timing config:load:flatten Completed in 6ms
19 timing npm:load:mkdirpcache Completed in 2ms
20 timing npm:load:mkdirplogs Completed in 1ms
21 verbose title npm start
22 verbose argv "start"
23 timing npm:load:setTitle Completed in 2ms
24 timing npm:load:display Completed in 2ms
25 verbose logfile logs-max:10 dir:D:\Social Media App(campus-connect)\Study Important docs\NeeuroNexus\Job-Portal-pranjal\pages\_logs\2023-11-04T08_14_28_232Z-
26 verbose logfile D:\Social Media App(campus-connect)\Study Important docs\NeeuroNexus\Job-Portal-pranjal\pages\_logs\2023-11-04T08_14_28_232Z-debug-0.log
27 timing npm:load:logFile Completed in 33ms
28 timing npm:load:timers Completed in 0ms
29 timing npm:load:configScope Completed in 1ms
30 timing npm:load Completed in 171ms
31 silly logfile done cleaning log files
32 timing command:run-script Completed in 795ms
33 timing command:start Completed in 821ms
34 verbose exit 1
35 timing npm Completed in 1206ms
36 verbose code 1
